[2025-09-01 05:15:30.433] [info]  [store-node] init store, config path: /home/skai/.config/xyz.chatboxapp.app/config.json
[2025-09-01 05:15:30.436] [error] [store-node] skip backup because config.json does not exist.
[2025-09-01 05:15:30.992] [info]  [knowledge-base:index] [KB] Initializing knowledge base system...
[2025-09-01 05:15:31.032] [info]  [knowledge-base:db] [DB] Database initialized (total_chunks column already exists)
[2025-09-01 05:15:31.032] [info]  [knowledge-base:db] [DB] Database initialized
[2025-09-01 05:15:31.033] [debug] [knowledge-base:db] [DB] Cleaning up processing files from previous session...
[2025-09-01 05:15:31.033] [debug] [knowledge-base:index] [KB] Database initialized
[2025-09-01 05:15:31.033] [debug] [knowledge-base:index] [KB] IPC handlers registered
[2025-09-01 05:15:31.033] [info]  [knowledge-base:file-loaders] [FILE] Starting worker loop
[2025-09-01 05:15:31.037] [debug] [knowledge-base:index] [KB] Worker loop started
[2025-09-01 05:15:31.038] [info]  [knowledge-base:index] [KB] Knowledge base system initialized successfully in 46ms
[2025-09-01 05:15:31.407] [info]  tray: created
[2025-09-01 05:15:31.411] [info]  [app-updater] Checking for update
[2025-09-01 05:15:31.412] [info]  [app-updater] Update timer started, checking every hour
[2025-09-01 05:15:31.419] [info]  [app-updater] Generated new staging user ID: abbf148f-3dff-5b0b-93dd-edb8a3279d2f
[2025-09-01 05:15:33.094] [info]  [app-updater] Update for version 1.15.4 is not available (latest version: 1.15.4, downgrade is disallowed).
[2025-09-01 05:15:34.076] [info]  tray: destroyed
[2025-09-01 05:15:34.086] [info]  tray: skip destroy because it does not exist
[2025-09-01 05:15:41.158] [info]  [store-node] init store, config path: /home/skai/.config/xyz.chatboxapp.app/config.json
[2025-09-01 05:15:41.663] [info]  [knowledge-base:index] [KB] Initializing knowledge base system...
[2025-09-01 05:15:41.696] [info]  [knowledge-base:db] [DB] Database initialized (total_chunks column already exists)
[2025-09-01 05:15:41.697] [info]  [knowledge-base:db] [DB] Database initialized
[2025-09-01 05:15:41.697] [debug] [knowledge-base:db] [DB] Cleaning up processing files from previous session...
[2025-09-01 05:15:41.697] [debug] [knowledge-base:index] [KB] Database initialized
[2025-09-01 05:15:41.697] [debug] [knowledge-base:index] [KB] IPC handlers registered
[2025-09-01 05:15:41.698] [info]  [knowledge-base:file-loaders] [FILE] Starting worker loop
[2025-09-01 05:15:41.698] [debug] [knowledge-base:index] [KB] Worker loop started
[2025-09-01 05:15:41.698] [info]  [knowledge-base:index] [KB] Knowledge base system initialized successfully in 35ms
[2025-09-01 05:15:42.081] [info]  tray: created
[2025-09-01 05:15:42.085] [info]  [app-updater] Checking for update
[2025-09-01 05:15:42.085] [info]  [app-updater] Update timer started, checking every hour
[2025-09-01 05:15:42.124] [info]  [store-node] backup config to: /home/skai/.config/xyz.chatboxapp.app/config-backup-2025-09-01T00_15_41.160Z.json
[2025-09-01 05:15:42.124] [info]  [store-node] auto backup: /home/skai/.config/xyz.chatboxapp.app/config-backup-2025-09-01T00_15_41.160Z.json
[2025-09-01 05:15:43.564] [debug] [knowledge-base:ipc-handlers] ipcMain: kb:list
[2025-09-01 05:15:43.719] [info]  [app-updater] Update for version 1.15.4 is not available (latest version: 1.15.4, downgrade is disallowed).
[2025-09-01 05:24:42.497] [debug] [knowledge-base:ipc-handlers] ipcMain: kb:list
[2025-09-01 05:24:49.461] [debug] [knowledge-base:ipc-handlers] ipcMain: kb:list
[2025-09-01 05:25:41.169] [info]  [store-node] backup config to: /home/skai/.config/xyz.chatboxapp.app/config-backup-2025-09-01T00_25_41.168Z.json
[2025-09-01 05:25:41.169] [info]  [store-node] auto backup: /home/skai/.config/xyz.chatboxapp.app/config-backup-2025-09-01T00_25_41.168Z.json
[2025-09-01 05:25:41.170] [info]  [store-node] Clearing 1 old backup(s)...
[2025-09-01 05:25:41.171] [info]  [store-node] Finished clearing old backups.
[2025-09-01 05:27:25.173] [debug] [knowledge-base:ipc-handlers] ipcMain: kb:list
[2025-09-01 05:28:06.637] [debug] [knowledge-base:ipc-handlers] ipcMain: kb:list
[2025-09-01 05:30:47.283] [debug] [knowledge-base:ipc-handlers] ipcMain: kb:list
[2025-09-01 05:31:11.000] [debug] [knowledge-base:ipc-handlers] ipcMain: kb:list
[2025-09-01 05:32:20.196] [debug] [knowledge-base:ipc-handlers] ipcMain: kb:list
[2025-09-01 05:32:26.890] [debug] [knowledge-base:ipc-handlers] ipcMain: kb:list
[2025-09-01 05:32:28.177] [debug] [knowledge-base:ipc-handlers] ipcMain: kb:list
[2025-09-01 05:32:32.587] [debug] [knowledge-base:ipc-handlers] ipcMain: kb:list
[2025-09-01 05:32:33.378] [debug] [knowledge-base:ipc-handlers] ipcMain: kb:list
[2025-09-01 05:32:43.242] [debug] [knowledge-base:ipc-handlers] ipcMain: kb:list
[2025-09-01 05:32:46.236] [debug] [knowledge-base:ipc-handlers] ipcMain: kb:list
[2025-09-01 05:33:16.202] [debug] [knowledge-base:ipc-handlers] ipcMain: kb:list
[2025-09-01 05:33:47.018] [debug] [knowledge-base:ipc-handlers] ipcMain: kb:list
[2025-09-01 05:34:29.568] [debug] [knowledge-base:ipc-handlers] ipcMain: kb:list
[2025-09-01 05:34:38.628] [debug] [knowledge-base:ipc-handlers] ipcMain: kb:list
[2025-09-01 05:38:31.617] [debug] [knowledge-base:ipc-handlers] ipcMain: kb:list
[2025-09-01 05:40:02.361] [debug] [knowledge-base:ipc-handlers] ipcMain: kb:list
[2025-09-01 05:40:07.339] [debug] [knowledge-base:ipc-handlers] ipcMain: kb:list
[2025-09-01 05:40:13.342] [debug] [knowledge-base:ipc-handlers] ipcMain: kb:list
[2025-09-01 05:40:18.175] [debug] [knowledge-base:ipc-handlers] ipcMain: kb:list
[2025-09-01 05:40:47.220] [debug] [knowledge-base:ipc-handlers] ipcMain: kb:list
[2025-09-01 05:41:23.700] [debug] [knowledge-base:ipc-handlers] ipcMain: kb:list
[2025-09-01 05:41:25.293] [debug] [knowledge-base:ipc-handlers] ipcMain: kb:list
[2025-09-01 05:41:27.847] [debug] [knowledge-base:ipc-handlers] ipcMain: kb:list
[2025-09-01 05:41:28.614] [debug] [knowledge-base:ipc-handlers] ipcMain: kb:list
[2025-09-01 05:41:42.508] [debug] [knowledge-base:ipc-handlers] ipcMain: kb:list
[2025-09-01 05:41:45.652] [debug] [knowledge-base:ipc-handlers] ipcMain: kb:list
[2025-09-01 05:41:47.216] [debug] [knowledge-base:ipc-handlers] ipcMain: kb:list
[2025-09-01 05:41:50.534] [debug] [knowledge-base:ipc-handlers] ipcMain: kb:list
[2025-09-01 05:41:58.116] [debug] [knowledge-base:ipc-handlers] ipcMain: kb:list
[2025-09-01 05:42:24.326] [debug] [knowledge-base:ipc-handlers] ipcMain: kb:list
[2025-09-01 05:42:29.086] [debug] [knowledge-base:ipc-handlers] ipcMain: kb:list
[2025-09-01 05:42:31.348] [debug] [knowledge-base:ipc-handlers] ipcMain: kb:list
[2025-09-01 05:42:33.536] [debug] [knowledge-base:ipc-handlers] ipcMain: kb:list
[2025-09-01 05:45:41.173] [info]  [store-node] backup config to: /home/skai/.config/xyz.chatboxapp.app/config-backup-2025-09-01T00_45_41.171Z.json
[2025-09-01 05:45:41.173] [info]  [store-node] auto backup: /home/skai/.config/xyz.chatboxapp.app/config-backup-2025-09-01T00_45_41.171Z.json
[2025-09-01 05:45:41.173] [info]  [store-node] Clearing 1 old backup(s)...
[2025-09-01 05:45:41.174] [info]  [store-node] Finished clearing old backups.
[2025-09-01 06:00:29.242] [debug] [knowledge-base:ipc-handlers] ipcMain: kb:list
[2025-09-01 06:03:05.412] [debug] [knowledge-base:ipc-handlers] ipcMain: kb:list
[2025-09-01 06:05:41.177] [info]  [store-node] backup config to: /home/skai/.config/xyz.chatboxapp.app/config-backup-2025-09-01T01_05_41.175Z.json
[2025-09-01 06:05:41.177] [info]  [store-node] auto backup: /home/skai/.config/xyz.chatboxapp.app/config-backup-2025-09-01T01_05_41.175Z.json
[2025-09-01 06:15:41.178] [info]  [store-node] backup config to: /home/skai/.config/xyz.chatboxapp.app/config-backup-2025-09-01T01_15_41.177Z.json
[2025-09-01 06:15:41.179] [info]  [store-node] auto backup: /home/skai/.config/xyz.chatboxapp.app/config-backup-2025-09-01T01_15_41.177Z.json
[2025-09-01 06:15:41.179] [info]  [store-node] Clearing 1 old backup(s)...
[2025-09-01 06:15:41.180] [info]  [store-node] Finished clearing old backups.
[2025-09-01 06:15:42.089] [info]  [app-updater] Checking for update
[2025-09-01 06:15:43.820] [info]  [app-updater] Update for version 1.15.4 is not available (latest version: 1.15.4, downgrade is disallowed).
[2025-09-01 06:35:41.181] [info]  [store-node] backup config to: /home/skai/.config/xyz.chatboxapp.app/config-backup-2025-09-01T01_35_41.179Z.json
[2025-09-01 06:35:41.181] [info]  [store-node] auto backup: /home/skai/.config/xyz.chatboxapp.app/config-backup-2025-09-01T01_35_41.179Z.json
[2025-09-01 06:35:41.181] [info]  [store-node] Clearing 1 old backup(s)...
[2025-09-01 06:35:41.182] [info]  [store-node] Finished clearing old backups.
[2025-09-01 06:39:35.132] [info]  tray: destroyed
[2025-09-01 20:13:24.594] [info]  [store-node] init store, config path: /home/skai/.config/xyz.chatboxapp.app/config.json
[2025-09-01 20:13:25.088] [info]  [knowledge-base:index] [KB] Initializing knowledge base system...
[2025-09-01 20:13:25.126] [info]  [knowledge-base:db] [DB] Database initialized (total_chunks column already exists)
[2025-09-01 20:13:25.126] [info]  [knowledge-base:db] [DB] Database initialized
[2025-09-01 20:13:25.126] [debug] [knowledge-base:db] [DB] Cleaning up processing files from previous session...
[2025-09-01 20:13:25.127] [debug] [knowledge-base:index] [KB] Database initialized
[2025-09-01 20:13:25.127] [debug] [knowledge-base:index] [KB] IPC handlers registered
[2025-09-01 20:13:25.127] [info]  [knowledge-base:file-loaders] [FILE] Starting worker loop
[2025-09-01 20:13:25.127] [debug] [knowledge-base:index] [KB] Worker loop started
[2025-09-01 20:13:25.127] [info]  [knowledge-base:index] [KB] Knowledge base system initialized successfully in 39ms
[2025-09-01 20:13:25.572] [info]  tray: created
[2025-09-01 20:13:25.576] [info]  [app-updater] Checking for update
[2025-09-01 20:13:25.577] [info]  [app-updater] Update timer started, checking every hour
[2025-09-01 20:13:25.630] [info]  [store-node] backup config to: /home/skai/.config/xyz.chatboxapp.app/config-backup-2025-09-01T15_13_24.597Z.json
[2025-09-01 20:13:25.630] [info]  [store-node] auto backup: /home/skai/.config/xyz.chatboxapp.app/config-backup-2025-09-01T15_13_24.597Z.json
[2025-09-01 20:13:26.975] [debug] [knowledge-base:ipc-handlers] ipcMain: kb:list
[2025-09-01 20:13:27.284] [info]  [app-updater] Update for version 1.15.4 is not available (latest version: 1.15.4, downgrade is disallowed).
[2025-09-01 20:13:27.286] [debug] [knowledge-base:ipc-handlers] ipcMain: kb:list
[2025-09-01 20:13:31.426] [debug] [knowledge-base:ipc-handlers] ipcMain: kb:list
[2025-09-01 20:14:48.527] [debug] [knowledge-base:ipc-handlers] ipcMain: kb:list
[2025-09-01 20:23:24.608] [info]  [store-node] backup config to: /home/skai/.config/xyz.chatboxapp.app/config-backup-2025-09-01T15_23_24.607Z.json
[2025-09-01 20:23:24.608] [info]  [store-node] auto backup: /home/skai/.config/xyz.chatboxapp.app/config-backup-2025-09-01T15_23_24.607Z.json
[2025-09-01 20:23:24.608] [info]  [store-node] Clearing 1 old backup(s)...
[2025-09-01 20:23:24.609] [info]  [store-node] Finished clearing old backups.
[2025-09-01 20:41:38.002] [info]  tray: destroyed
[2025-09-10 00:56:03.636] [info]  [store-node] init store, config path: /home/skai/.config/xyz.chatboxapp.app/config.json
[2025-09-10 00:56:04.135] [info]  [knowledge-base:index] [KB] Initializing knowledge base system...
[2025-09-10 00:56:04.169] [info]  [knowledge-base:db] [DB] Database initialized (total_chunks column already exists)
[2025-09-10 00:56:04.169] [info]  [knowledge-base:db] [DB] Database initialized
[2025-09-10 00:56:04.169] [debug] [knowledge-base:db] [DB] Cleaning up processing files from previous session...
[2025-09-10 00:56:04.169] [debug] [knowledge-base:index] [KB] Database initialized
[2025-09-10 00:56:04.170] [debug] [knowledge-base:index] [KB] IPC handlers registered
[2025-09-10 00:56:04.170] [info]  [knowledge-base:file-loaders] [FILE] Starting worker loop
[2025-09-10 00:56:04.170] [debug] [knowledge-base:index] [KB] Worker loop started
[2025-09-10 00:56:04.170] [info]  [knowledge-base:index] [KB] Knowledge base system initialized successfully in 35ms
[2025-09-10 00:56:04.614] [info]  tray: created
[2025-09-10 00:56:04.620] [info]  [app-updater] Checking for update
[2025-09-10 00:56:04.620] [info]  [app-updater] Update timer started, checking every hour
[2025-09-10 00:56:04.662] [info]  [store-node] backup config to: /home/skai/.config/xyz.chatboxapp.app/config-backup-2025-09-09T19_56_03.640Z.json
[2025-09-10 00:56:04.662] [info]  [store-node] auto backup: /home/skai/.config/xyz.chatboxapp.app/config-backup-2025-09-09T19_56_03.640Z.json
[2025-09-10 00:56:04.663] [info]  [store-node] Clearing 2 old backup(s)...
[2025-09-10 00:56:04.674] [info]  [store-node] Finished clearing old backups.
[2025-09-10 00:56:07.335] [debug] [knowledge-base:ipc-handlers] ipcMain: kb:list
[2025-09-10 00:56:11.580] [info]  [app-updater] Update for version 1.15.4 is not available (latest version: 1.15.4, downgrade is disallowed).
[2025-09-10 00:56:16.631] [debug] [knowledge-base:ipc-handlers] ipcMain: kb:list
[2025-09-10 00:57:44.788] [debug] [knowledge-base:ipc-handlers] ipcMain: kb:list
[2025-09-10 01:06:03.651] [info]  [store-node] backup config to: /home/skai/.config/xyz.chatboxapp.app/config-backup-2025-09-09T20_06_03.649Z.json
[2025-09-10 01:06:03.651] [info]  [store-node] auto backup: /home/skai/.config/xyz.chatboxapp.app/config-backup-2025-09-09T20_06_03.649Z.json
[2025-09-10 01:18:33.395] [debug] [knowledge-base:ipc-handlers] ipcMain: kb:list
[2025-09-10 01:18:39.182] [debug] [knowledge-base:ipc-handlers] ipcMain: kb:list
[2025-09-10 01:26:03.652] [info]  [store-node] backup config to: /home/skai/.config/xyz.chatboxapp.app/config-backup-2025-09-09T20_26_03.650Z.json
[2025-09-10 01:26:03.652] [info]  [store-node] auto backup: /home/skai/.config/xyz.chatboxapp.app/config-backup-2025-09-09T20_26_03.650Z.json
[2025-09-10 01:26:03.652] [info]  [store-node] Clearing 1 old backup(s)...
[2025-09-10 01:26:03.653] [info]  [store-node] Finished clearing old backups.
[2025-09-10 01:36:03.654] [info]  [store-node] backup config to: /home/skai/.config/xyz.chatboxapp.app/config-backup-2025-09-09T20_36_03.653Z.json
[2025-09-10 01:36:03.654] [info]  [store-node] auto backup: /home/skai/.config/xyz.chatboxapp.app/config-backup-2025-09-09T20_36_03.653Z.json
[2025-09-10 01:36:03.655] [info]  [store-node] Clearing 1 old backup(s)...
[2025-09-10 01:36:03.655] [info]  [store-node] Finished clearing old backups.
[2025-09-10 01:39:50.671] [info]  tray: destroyed
[2025-09-10 23:53:11.930] [info]  [store-node] init store, config path: /home/skai/.config/xyz.chatboxapp.app/config.json
[2025-09-10 23:53:12.428] [info]  [knowledge-base:index] [KB] Initializing knowledge base system...
[2025-09-10 23:53:12.464] [info]  [knowledge-base:db] [DB] Database initialized (total_chunks column already exists)
[2025-09-10 23:53:12.464] [info]  [knowledge-base:db] [DB] Database initialized
[2025-09-10 23:53:12.465] [debug] [knowledge-base:db] [DB] Cleaning up processing files from previous session...
[2025-09-10 23:53:12.465] [debug] [knowledge-base:index] [KB] Database initialized
[2025-09-10 23:53:12.465] [debug] [knowledge-base:index] [KB] IPC handlers registered
[2025-09-10 23:53:12.465] [info]  [knowledge-base:file-loaders] [FILE] Starting worker loop
[2025-09-10 23:53:12.466] [debug] [knowledge-base:index] [KB] Worker loop started
[2025-09-10 23:53:12.466] [info]  [knowledge-base:index] [KB] Knowledge base system initialized successfully in 38ms
[2025-09-10 23:53:12.920] [info]  tray: created
[2025-09-10 23:53:12.926] [info]  [app-updater] Checking for update
[2025-09-10 23:53:12.927] [info]  [app-updater] Update timer started, checking every hour
[2025-09-10 23:53:12.966] [info]  [store-node] backup config to: /home/skai/.config/xyz.chatboxapp.app/config-backup-2025-09-10T18_53_11.933Z.json
[2025-09-10 23:53:12.966] [info]  [store-node] auto backup: /home/skai/.config/xyz.chatboxapp.app/config-backup-2025-09-10T18_53_11.933Z.json
[2025-09-10 23:53:14.450] [info]  [app-updater] Update for version 1.15.4 is not available (latest version: 1.15.4, downgrade is disallowed).
[2025-09-10 23:53:15.613] [debug] [knowledge-base:ipc-handlers] ipcMain: kb:list
[2025-09-10 23:53:15.914] [debug] [knowledge-base:ipc-handlers] ipcMain: kb:list
[2025-09-10 23:53:18.274] [debug] [knowledge-base:ipc-handlers] ipcMain: kb:list
[2025-09-10 23:54:37.419] [debug] [knowledge-base:ipc-handlers] ipcMain: kb:list
[2025-09-11 00:03:11.944] [info]  [store-node] backup config to: /home/skai/.config/xyz.chatboxapp.app/config-backup-2025-09-10T19_03_11.942Z.json
[2025-09-11 00:03:11.945] [info]  [store-node] auto backup: /home/skai/.config/xyz.chatboxapp.app/config-backup-2025-09-10T19_03_11.942Z.json
[2025-09-11 00:03:11.945] [info]  [store-node] Clearing 2 old backup(s)...
[2025-09-11 00:03:11.948] [info]  [store-node] Finished clearing old backups.
[2025-09-11 00:23:11.944] [info]  [store-node] backup config to: /home/skai/.config/xyz.chatboxapp.app/config-backup-2025-09-10T19_23_11.943Z.json
[2025-09-11 00:23:11.944] [info]  [store-node] auto backup: /home/skai/.config/xyz.chatboxapp.app/config-backup-2025-09-10T19_23_11.943Z.json
[2025-09-11 00:23:11.945] [info]  [store-node] Clearing 1 old backup(s)...
[2025-09-11 00:23:11.945] [info]  [store-node] Finished clearing old backups.
[2025-09-11 00:43:11.949] [info]  [store-node] backup config to: /home/skai/.config/xyz.chatboxapp.app/config-backup-2025-09-10T19_43_11.948Z.json
[2025-09-11 00:43:11.949] [info]  [store-node] auto backup: /home/skai/.config/xyz.chatboxapp.app/config-backup-2025-09-10T19_43_11.948Z.json
[2025-09-11 00:43:11.950] [info]  [store-node] Clearing 1 old backup(s)...
[2025-09-11 00:43:11.950] [info]  [store-node] Finished clearing old backups.
[2025-09-11 00:53:12.929] [info]  [app-updater] Checking for update
[2025-09-11 00:53:14.635] [info]  [app-updater] Update for version 1.15.4 is not available (latest version: 1.15.4, downgrade is disallowed).
[2025-09-11 01:03:11.952] [info]  [store-node] backup config to: /home/skai/.config/xyz.chatboxapp.app/config-backup-2025-09-10T20_03_11.950Z.json
[2025-09-11 01:03:11.952] [info]  [store-node] auto backup: /home/skai/.config/xyz.chatboxapp.app/config-backup-2025-09-10T20_03_11.950Z.json
[2025-09-11 01:13:11.955] [info]  [store-node] backup config to: /home/skai/.config/xyz.chatboxapp.app/config-backup-2025-09-10T20_13_11.953Z.json
[2025-09-11 01:13:11.955] [info]  [store-node] auto backup: /home/skai/.config/xyz.chatboxapp.app/config-backup-2025-09-10T20_13_11.953Z.json
[2025-09-11 01:13:11.956] [info]  [store-node] Clearing 1 old backup(s)...
[2025-09-11 01:13:11.956] [info]  [store-node] Finished clearing old backups.
[2025-09-11 01:23:11.957] [info]  [store-node] backup config to: /home/skai/.config/xyz.chatboxapp.app/config-backup-2025-09-10T20_23_11.956Z.json
[2025-09-11 01:23:11.958] [info]  [store-node] auto backup: /home/skai/.config/xyz.chatboxapp.app/config-backup-2025-09-10T20_23_11.956Z.json
[2025-09-11 01:23:11.958] [info]  [store-node] Clearing 1 old backup(s)...
[2025-09-11 01:23:11.959] [info]  [store-node] Finished clearing old backups.
[2025-09-11 01:43:11.961] [info]  [store-node] backup config to: /home/skai/.config/xyz.chatboxapp.app/config-backup-2025-09-10T20_43_11.959Z.json
[2025-09-11 01:43:11.961] [info]  [store-node] auto backup: /home/skai/.config/xyz.chatboxapp.app/config-backup-2025-09-10T20_43_11.959Z.json
[2025-09-11 01:43:11.962] [info]  [store-node] Clearing 1 old backup(s)...
[2025-09-11 01:43:11.962] [info]  [store-node] Finished clearing old backups.
[2025-09-11 01:53:12.930] [info]  [app-updater] Checking for update
[2025-09-11 01:53:14.583] [info]  [app-updater] Update for version 1.15.4 is not available (latest version: 1.15.4, downgrade is disallowed).
[2025-09-11 02:03:11.961] [info]  [store-node] backup config to: /home/skai/.config/xyz.chatboxapp.app/config-backup-2025-09-10T21_03_11.960Z.json
[2025-09-11 02:03:11.962] [info]  [store-node] auto backup: /home/skai/.config/xyz.chatboxapp.app/config-backup-2025-09-10T21_03_11.960Z.json
[2025-09-11 02:23:11.964] [info]  [store-node] backup config to: /home/skai/.config/xyz.chatboxapp.app/config-backup-2025-09-10T21_23_11.963Z.json
[2025-09-11 02:23:11.965] [info]  [store-node] auto backup: /home/skai/.config/xyz.chatboxapp.app/config-backup-2025-09-10T21_23_11.963Z.json
[2025-09-11 02:23:11.965] [info]  [store-node] Clearing 1 old backup(s)...
[2025-09-11 02:23:11.966] [info]  [store-node] Finished clearing old backups.
[2025-09-11 02:43:11.969] [info]  [store-node] backup config to: /home/skai/.config/xyz.chatboxapp.app/config-backup-2025-09-10T21_43_11.968Z.json
[2025-09-11 02:43:11.969] [info]  [store-node] auto backup: /home/skai/.config/xyz.chatboxapp.app/config-backup-2025-09-10T21_43_11.968Z.json
[2025-09-11 02:43:11.969] [info]  [store-node] Clearing 1 old backup(s)...
[2025-09-11 02:43:11.970] [info]  [store-node] Finished clearing old backups.
[2025-09-11 02:53:11.971] [info]  [store-node] backup config to: /home/skai/.config/xyz.chatboxapp.app/config-backup-2025-09-10T21_53_11.970Z.json
[2025-09-11 02:53:11.971] [info]  [store-node] auto backup: /home/skai/.config/xyz.chatboxapp.app/config-backup-2025-09-10T21_53_11.970Z.json
[2025-09-11 02:53:11.972] [info]  [store-node] Clearing 1 old backup(s)...
[2025-09-11 02:53:11.972] [info]  [store-node] Finished clearing old backups.
[2025-09-11 02:53:12.930] [info]  [app-updater] Checking for update
[2025-09-11 02:53:19.795] [info]  [app-updater] Update for version 1.15.4 is not available (latest version: 1.15.4, downgrade is disallowed).
[2025-09-11 03:13:11.975] [info]  [store-node] backup config to: /home/skai/.config/xyz.chatboxapp.app/config-backup-2025-09-10T22_13_11.974Z.json
[2025-09-11 03:13:11.975] [info]  [store-node] auto backup: /home/skai/.config/xyz.chatboxapp.app/config-backup-2025-09-10T22_13_11.974Z.json
[2025-09-11 03:13:26.070] [info]  tray: destroyed
[2025-09-13 04:00:49.851] [info]  [store-node] init store, config path: /home/skai/.config/xyz.chatboxapp.app/config.json
[2025-09-13 04:00:50.344] [info]  [knowledge-base:index] [KB] Initializing knowledge base system...
[2025-09-13 04:00:50.380] [info]  [knowledge-base:db] [DB] Database initialized (total_chunks column already exists)
[2025-09-13 04:00:50.380] [info]  [knowledge-base:db] [DB] Database initialized
[2025-09-13 04:00:50.381] [debug] [knowledge-base:db] [DB] Cleaning up processing files from previous session...
[2025-09-13 04:00:50.381] [debug] [knowledge-base:index] [KB] Database initialized
[2025-09-13 04:00:50.381] [debug] [knowledge-base:index] [KB] IPC handlers registered
[2025-09-13 04:00:50.381] [info]  [knowledge-base:file-loaders] [FILE] Starting worker loop
[2025-09-13 04:00:50.382] [debug] [knowledge-base:index] [KB] Worker loop started
[2025-09-13 04:00:50.382] [info]  [knowledge-base:index] [KB] Knowledge base system initialized successfully in 38ms
[2025-09-13 04:00:50.823] [info]  tray: created
[2025-09-13 04:00:50.828] [info]  [app-updater] Checking for update
[2025-09-13 04:00:50.828] [info]  [app-updater] Update timer started, checking every hour
[2025-09-13 04:00:50.872] [info]  [store-node] backup config to: /home/skai/.config/xyz.chatboxapp.app/config-backup-2025-09-12T23_00_49.854Z.json
[2025-09-13 04:00:50.872] [info]  [store-node] auto backup: /home/skai/.config/xyz.chatboxapp.app/config-backup-2025-09-12T23_00_49.854Z.json
[2025-09-13 04:00:50.873] [info]  [store-node] Clearing 6 old backup(s)...
[2025-09-13 04:00:50.884] [info]  [store-node] Finished clearing old backups.
[2025-09-13 04:00:53.629] [debug] [knowledge-base:ipc-handlers] ipcMain: kb:list
[2025-09-13 04:00:53.927] [debug] [knowledge-base:ipc-handlers] ipcMain: kb:list
[2025-09-13 04:00:55.932] [debug] [knowledge-base:ipc-handlers] ipcMain: kb:list
[2025-09-13 04:00:57.300] [info]  [app-updater] Update for version 1.15.4 is not available (latest version: 1.15.4, downgrade is disallowed).
[2025-09-13 04:01:58.275] [debug] [knowledge-base:ipc-handlers] ipcMain: kb:list
[2025-09-13 04:06:10.093] [debug] [knowledge-base:ipc-handlers] ipcMain: kb:list
[2025-09-13 04:06:36.669] [debug] [knowledge-base:ipc-handlers] ipcMain: kb:list
[2025-09-13 04:10:49.865] [info]  [store-node] backup config to: /home/skai/.config/xyz.chatboxapp.app/config-backup-2025-09-12T23_10_49.864Z.json
[2025-09-13 04:10:49.866] [info]  [store-node] auto backup: /home/skai/.config/xyz.chatboxapp.app/config-backup-2025-09-12T23_10_49.864Z.json
[2025-09-13 04:10:49.866] [info]  [store-node] Clearing 1 old backup(s)...
[2025-09-13 04:10:49.867] [info]  [store-node] Finished clearing old backups.
[2025-09-13 04:22:30.080] [debug] [knowledge-base:ipc-handlers] ipcMain: kb:list
[2025-09-13 04:24:06.507] [debug] [knowledge-base:ipc-handlers] ipcMain: kb:list
[2025-09-13 04:30:49.868] [info]  [store-node] backup config to: /home/skai/.config/xyz.chatboxapp.app/config-backup-2025-09-12T23_30_49.866Z.json
[2025-09-13 04:30:49.869] [info]  [store-node] auto backup: /home/skai/.config/xyz.chatboxapp.app/config-backup-2025-09-12T23_30_49.866Z.json
[2025-09-13 04:30:49.869] [info]  [store-node] Clearing 1 old backup(s)...
[2025-09-13 04:30:49.870] [info]  [store-node] Finished clearing old backups.
[2025-09-13 04:31:25.519] [debug] [knowledge-base:ipc-handlers] ipcMain: kb:list
[2025-09-13 04:35:47.270] [debug] [knowledge-base:ipc-handlers] ipcMain: kb:list
[2025-09-13 04:50:49.874] [info]  [store-node] backup config to: /home/skai/.config/xyz.chatboxapp.app/config-backup-2025-09-12T23_50_49.872Z.json
[2025-09-13 04:50:49.875] [info]  [store-node] auto backup: /home/skai/.config/xyz.chatboxapp.app/config-backup-2025-09-12T23_50_49.872Z.json
[2025-09-13 04:50:49.875] [info]  [store-node] Clearing 1 old backup(s)...
[2025-09-13 04:50:49.876] [info]  [store-node] Finished clearing old backups.
[2025-09-13 05:00:50.832] [info]  [app-updater] Checking for update
[2025-09-13 05:00:52.541] [info]  [app-updater] Update for version 1.15.4 is not available (latest version: 1.15.4, downgrade is disallowed).
[2025-09-13 05:10:49.876] [info]  [store-node] backup config to: /home/skai/.config/xyz.chatboxapp.app/config-backup-2025-09-13T00_10_49.875Z.json
[2025-09-13 05:10:49.876] [info]  [store-node] auto backup: /home/skai/.config/xyz.chatboxapp.app/config-backup-2025-09-13T00_10_49.875Z.json
[2025-09-13 05:17:24.433] [debug] [knowledge-base:ipc-handlers] ipcMain: kb:list
[2025-09-13 05:18:11.537] [debug] [knowledge-base:ipc-handlers] ipcMain: kb:list
[2025-09-13 05:30:49.878] [info]  [store-node] backup config to: /home/skai/.config/xyz.chatboxapp.app/config-backup-2025-09-13T00_30_49.876Z.json
[2025-09-13 05:30:49.878] [info]  [store-node] auto backup: /home/skai/.config/xyz.chatboxapp.app/config-backup-2025-09-13T00_30_49.876Z.json
[2025-09-13 05:30:49.878] [info]  [store-node] Clearing 1 old backup(s)...
[2025-09-13 05:30:49.879] [info]  [store-node] Finished clearing old backups.
[2025-09-13 05:39:01.674] [info]  tray: destroyed
[2025-09-13 21:01:15.506] [info]  [store-node] init store, config path: /home/skai/.config/xyz.chatboxapp.app/config.json
[2025-09-13 21:01:16.011] [info]  [knowledge-base:index] [KB] Initializing knowledge base system...
[2025-09-13 21:01:16.047] [info]  [knowledge-base:db] [DB] Database initialized (total_chunks column already exists)
[2025-09-13 21:01:16.047] [info]  [knowledge-base:db] [DB] Database initialized
[2025-09-13 21:01:16.048] [debug] [knowledge-base:db] [DB] Cleaning up processing files from previous session...
[2025-09-13 21:01:16.048] [debug] [knowledge-base:index] [KB] Database initialized
[2025-09-13 21:01:16.048] [debug] [knowledge-base:index] [KB] IPC handlers registered
[2025-09-13 21:01:16.048] [info]  [knowledge-base:file-loaders] [FILE] Starting worker loop
[2025-09-13 21:01:16.049] [debug] [knowledge-base:index] [KB] Worker loop started
[2025-09-13 21:01:16.049] [info]  [knowledge-base:index] [KB] Knowledge base system initialized successfully in 38ms
[2025-09-13 21:01:16.499] [info]  tray: created
[2025-09-13 21:01:16.510] [info]  [app-updater] Checking for update
[2025-09-13 21:01:16.510] [info]  [app-updater] Update timer started, checking every hour
[2025-09-13 21:01:16.549] [info]  [store-node] backup config to: /home/skai/.config/xyz.chatboxapp.app/config-backup-2025-09-13T16_01_15.510Z.json
[2025-09-13 21:01:16.549] [info]  [store-node] auto backup: /home/skai/.config/xyz.chatboxapp.app/config-backup-2025-09-13T16_01_15.510Z.json
[2025-09-13 21:01:17.936] [debug] [knowledge-base:ipc-handlers] ipcMain: kb:list
[2025-09-13 21:01:18.181] [info]  [app-updater] Update for version 1.15.4 is not available (latest version: 1.15.4, downgrade is disallowed).
[2025-09-13 21:01:18.256] [debug] [knowledge-base:ipc-handlers] ipcMain: kb:list
[2025-09-13 21:01:20.640] [debug] [knowledge-base:ipc-handlers] ipcMain: kb:list
[2025-09-13 21:01:39.761] [debug] [knowledge-base:ipc-handlers] ipcMain: kb:list
[2025-09-13 21:05:46.498] [debug] [knowledge-base:ipc-handlers] ipcMain: kb:list
[2025-09-13 21:06:15.802] [debug] [knowledge-base:ipc-handlers] ipcMain: kb:list
[2025-09-13 21:07:00.356] [debug] [knowledge-base:ipc-handlers] ipcMain: kb:list
[2025-09-13 21:08:53.216] [debug] [knowledge-base:ipc-handlers] ipcMain: kb:list
[2025-09-13 21:08:59.280] [debug] [knowledge-base:ipc-handlers] ipcMain: kb:list
[2025-09-13 21:09:05.804] [debug] [knowledge-base:ipc-handlers] ipcMain: kb:list
[2025-09-13 21:10:45.896] [debug] [knowledge-base:ipc-handlers] ipcMain: kb:list
[2025-09-13 21:11:11.936] [debug] [knowledge-base:ipc-handlers] ipcMain: kb:list
[2025-09-13 21:11:15.521] [info]  [store-node] backup config to: /home/skai/.config/xyz.chatboxapp.app/config-backup-2025-09-13T16_11_15.520Z.json
[2025-09-13 21:11:15.522] [info]  [store-node] auto backup: /home/skai/.config/xyz.chatboxapp.app/config-backup-2025-09-13T16_11_15.520Z.json
[2025-09-13 21:11:15.522] [info]  [store-node] Clearing 1 old backup(s)...
[2025-09-13 21:11:15.523] [info]  [store-node] Finished clearing old backups.
[2025-09-13 21:31:15.523] [info]  [store-node] backup config to: /home/skai/.config/xyz.chatboxapp.app/config-backup-2025-09-13T16_31_15.522Z.json
[2025-09-13 21:31:15.523] [info]  [store-node] auto backup: /home/skai/.config/xyz.chatboxapp.app/config-backup-2025-09-13T16_31_15.522Z.json
[2025-09-13 21:31:15.523] [info]  [store-node] Clearing 1 old backup(s)...
[2025-09-13 21:31:15.524] [info]  [store-node] Finished clearing old backups.
[2025-09-13 21:51:15.527] [info]  [store-node] backup config to: /home/skai/.config/xyz.chatboxapp.app/config-backup-2025-09-13T16_51_15.526Z.json
[2025-09-13 21:51:15.527] [info]  [store-node] auto backup: /home/skai/.config/xyz.chatboxapp.app/config-backup-2025-09-13T16_51_15.526Z.json
[2025-09-13 21:51:15.528] [info]  [store-node] Clearing 1 old backup(s)...
[2025-09-13 21:51:15.528] [info]  [store-node] Finished clearing old backups.
[2025-09-13 22:01:16.513] [info]  [app-updater] Checking for update
[2025-09-13 22:01:18.227] [info]  [app-updater] Update for version 1.15.4 is not available (latest version: 1.15.4, downgrade is disallowed).
[2025-09-13 22:02:36.760] [debug] [knowledge-base:ipc-handlers] ipcMain: kb:list
[2025-09-13 22:11:15.529] [info]  [store-node] backup config to: /home/skai/.config/xyz.chatboxapp.app/config-backup-2025-09-13T17_11_15.528Z.json
[2025-09-13 22:11:15.530] [info]  [store-node] auto backup: /home/skai/.config/xyz.chatboxapp.app/config-backup-2025-09-13T17_11_15.528Z.json
[2025-09-13 22:12:02.300] [debug] [knowledge-base:ipc-handlers] ipcMain: kb:list
[2025-09-13 22:12:39.086] [debug] [knowledge-base:ipc-handlers] ipcMain: kb:list
[2025-09-13 22:13:44.128] [debug] [knowledge-base:ipc-handlers] ipcMain: kb:list
[2025-09-13 22:15:37.841] [debug] [knowledge-base:ipc-handlers] ipcMain: kb:list
[2025-09-13 22:15:41.643] [debug] [knowledge-base:ipc-handlers] ipcMain: kb:list
[2025-09-13 22:16:00.600] [debug] [knowledge-base:ipc-handlers] ipcMain: kb:list
[2025-09-13 22:19:53.137] [debug] [knowledge-base:ipc-handlers] ipcMain: kb:list
[2025-09-13 22:20:12.616] [debug] [knowledge-base:ipc-handlers] ipcMain: kb:list
[2025-09-13 22:20:24.415] [debug] [knowledge-base:ipc-handlers] ipcMain: kb:list
[2025-09-13 22:31:15.536] [info]  [store-node] backup config to: /home/skai/.config/xyz.chatboxapp.app/config-backup-2025-09-13T17_31_15.534Z.json
[2025-09-13 22:31:15.536] [info]  [store-node] auto backup: /home/skai/.config/xyz.chatboxapp.app/config-backup-2025-09-13T17_31_15.534Z.json
[2025-09-13 22:31:15.536] [info]  [store-node] Clearing 1 old backup(s)...
[2025-09-13 22:31:15.537] [info]  [store-node] Finished clearing old backups.
[2025-09-13 22:51:15.538] [info]  [store-node] backup config to: /home/skai/.config/xyz.chatboxapp.app/config-backup-2025-09-13T17_51_15.537Z.json
[2025-09-13 22:51:15.538] [info]  [store-node] auto backup: /home/skai/.config/xyz.chatboxapp.app/config-backup-2025-09-13T17_51_15.537Z.json
[2025-09-13 22:51:15.539] [info]  [store-node] Clearing 1 old backup(s)...
[2025-09-13 22:51:15.539] [info]  [store-node] Finished clearing old backups.
[2025-09-13 23:01:16.514] [info]  [app-updater] Checking for update
[2025-09-13 23:01:18.910] [info]  [app-updater] Update for version 1.15.4 is not available (latest version: 1.15.4, downgrade is disallowed).
[2025-09-13 23:11:15.543] [info]  [store-node] backup config to: /home/skai/.config/xyz.chatboxapp.app/config-backup-2025-09-13T18_11_15.541Z.json
[2025-09-13 23:11:15.543] [info]  [store-node] auto backup: /home/skai/.config/xyz.chatboxapp.app/config-backup-2025-09-13T18_11_15.541Z.json
[2025-09-13 23:31:15.546] [info]  [store-node] backup config to: /home/skai/.config/xyz.chatboxapp.app/config-backup-2025-09-13T18_31_15.544Z.json
[2025-09-13 23:31:15.546] [info]  [store-node] auto backup: /home/skai/.config/xyz.chatboxapp.app/config-backup-2025-09-13T18_31_15.544Z.json
[2025-09-13 23:31:15.547] [info]  [store-node] Clearing 1 old backup(s)...
[2025-09-13 23:31:15.547] [info]  [store-node] Finished clearing old backups.
[2025-09-13 23:48:40.797] [debug] [knowledge-base:ipc-handlers] ipcMain: kb:list
[2025-09-13 23:49:07.527] [debug] [knowledge-base:ipc-handlers] ipcMain: kb:list
[2025-09-13 23:51:15.545] [info]  [store-node] backup config to: /home/skai/.config/xyz.chatboxapp.app/config-backup-2025-09-13T18_51_15.544Z.json
[2025-09-13 23:51:15.546] [info]  [store-node] auto backup: /home/skai/.config/xyz.chatboxapp.app/config-backup-2025-09-13T18_51_15.544Z.json
[2025-09-13 23:51:15.546] [info]  [store-node] Clearing 1 old backup(s)...
[2025-09-13 23:51:15.547] [info]  [store-node] Finished clearing old backups.
[2025-09-14 00:01:16.514] [info]  [app-updater] Checking for update
[2025-09-14 00:01:18.702] [info]  [app-updater] Update for version 1.15.4 is not available (latest version: 1.15.4, downgrade is disallowed).
[2025-09-14 00:11:15.552] [info]  [store-node] backup config to: /home/skai/.config/xyz.chatboxapp.app/config-backup-2025-09-13T19_11_15.550Z.json
[2025-09-14 00:11:15.552] [info]  [store-node] auto backup: /home/skai/.config/xyz.chatboxapp.app/config-backup-2025-09-13T19_11_15.550Z.json
[2025-09-14 00:31:15.553] [info]  [store-node] backup config to: /home/skai/.config/xyz.chatboxapp.app/config-backup-2025-09-13T19_31_15.552Z.json
[2025-09-14 00:31:15.554] [info]  [store-node] auto backup: /home/skai/.config/xyz.chatboxapp.app/config-backup-2025-09-13T19_31_15.552Z.json
[2025-09-14 00:31:15.554] [info]  [store-node] Clearing 1 old backup(s)...
[2025-09-14 00:31:15.555] [info]  [store-node] Finished clearing old backups.
[2025-09-14 00:34:11.482] [debug] [knowledge-base:ipc-handlers] ipcMain: kb:list
[2025-09-14 00:34:24.932] [debug] [knowledge-base:ipc-handlers] ipcMain: kb:list
[2025-09-14 00:51:15.559] [info]  [store-node] backup config to: /home/skai/.config/xyz.chatboxapp.app/config-backup-2025-09-13T19_51_15.558Z.json
[2025-09-14 00:51:15.560] [info]  [store-node] auto backup: /home/skai/.config/xyz.chatboxapp.app/config-backup-2025-09-13T19_51_15.558Z.json
[2025-09-14 00:51:15.560] [info]  [store-node] Clearing 1 old backup(s)...
[2025-09-14 00:51:15.561] [info]  [store-node] Finished clearing old backups.
[2025-09-14 01:01:16.515] [info]  [app-updater] Checking for update
[2025-09-14 01:01:17.959] [info]  [app-updater] Update for version 1.15.4 is not available (latest version: 1.15.4, downgrade is disallowed).
[2025-09-14 01:11:15.561] [info]  [store-node] backup config to: /home/skai/.config/xyz.chatboxapp.app/config-backup-2025-09-13T20_11_15.560Z.json
[2025-09-14 01:11:15.561] [info]  [store-node] auto backup: /home/skai/.config/xyz.chatboxapp.app/config-backup-2025-09-13T20_11_15.560Z.json
[2025-09-14 01:31:15.564] [info]  [store-node] backup config to: /home/skai/.config/xyz.chatboxapp.app/config-backup-2025-09-13T20_31_15.563Z.json
[2025-09-14 01:31:15.564] [info]  [store-node] auto backup: /home/skai/.config/xyz.chatboxapp.app/config-backup-2025-09-13T20_31_15.563Z.json
[2025-09-14 01:31:15.565] [info]  [store-node] Clearing 1 old backup(s)...
[2025-09-14 01:31:15.565] [info]  [store-node] Finished clearing old backups.
[2025-09-14 01:51:15.568] [info]  [store-node] backup config to: /home/skai/.config/xyz.chatboxapp.app/config-backup-2025-09-13T20_51_15.566Z.json
[2025-09-14 01:51:15.568] [info]  [store-node] auto backup: /home/skai/.config/xyz.chatboxapp.app/config-backup-2025-09-13T20_51_15.566Z.json
[2025-09-14 01:51:15.568] [info]  [store-node] Clearing 1 old backup(s)...
[2025-09-14 01:51:15.569] [info]  [store-node] Finished clearing old backups.
[2025-09-14 01:59:26.545] [debug] [knowledge-base:ipc-handlers] ipcMain: kb:list
[2025-09-14 02:01:09.643] [debug] [knowledge-base:ipc-handlers] ipcMain: kb:list
[2025-09-14 02:01:16.515] [info]  [app-updater] Checking for update
[2025-09-14 02:01:18.679] [info]  [app-updater] Update for version 1.15.4 is not available (latest version: 1.15.4, downgrade is disallowed).
[2025-09-14 02:11:15.573] [info]  [store-node] backup config to: /home/skai/.config/xyz.chatboxapp.app/config-backup-2025-09-13T21_11_15.571Z.json
[2025-09-14 02:11:15.573] [info]  [store-node] auto backup: /home/skai/.config/xyz.chatboxapp.app/config-backup-2025-09-13T21_11_15.571Z.json
[2025-09-14 02:13:32.160] [debug] [knowledge-base:ipc-handlers] ipcMain: kb:list
[2025-09-14 02:13:48.059] [debug] [knowledge-base:ipc-handlers] ipcMain: kb:list
[2025-09-14 02:19:13.675] [debug] [knowledge-base:ipc-handlers] ipcMain: kb:list
[2025-09-14 02:19:26.839] [debug] [knowledge-base:ipc-handlers] ipcMain: kb:list
[2025-09-14 02:27:04.817] [debug] [knowledge-base:ipc-handlers] ipcMain: kb:list
[2025-09-14 02:27:26.665] [debug] [knowledge-base:ipc-handlers] ipcMain: kb:list
[2025-09-14 02:31:15.577] [info]  [store-node] backup config to: /home/skai/.config/xyz.chatboxapp.app/config-backup-2025-09-13T21_31_15.575Z.json
[2025-09-14 02:31:15.577] [info]  [store-node] auto backup: /home/skai/.config/xyz.chatboxapp.app/config-backup-2025-09-13T21_31_15.575Z.json
[2025-09-14 02:31:15.578] [info]  [store-node] Clearing 1 old backup(s)...
[2025-09-14 02:31:15.578] [info]  [store-node] Finished clearing old backups.
[2025-09-14 02:51:15.579] [info]  [store-node] backup config to: /home/skai/.config/xyz.chatboxapp.app/config-backup-2025-09-13T21_51_15.577Z.json
[2025-09-14 02:51:15.580] [info]  [store-node] auto backup: /home/skai/.config/xyz.chatboxapp.app/config-backup-2025-09-13T21_51_15.577Z.json
[2025-09-14 02:51:15.580] [info]  [store-node] Clearing 1 old backup(s)...
[2025-09-14 02:51:15.581] [info]  [store-node] Finished clearing old backups.
[2025-09-14 03:01:16.517] [info]  [app-updater] Checking for update
[2025-09-14 03:01:18.018] [info]  [app-updater] Update for version 1.15.4 is not available (latest version: 1.15.4, downgrade is disallowed).
[2025-09-14 03:11:15.584] [info]  [store-node] backup config to: /home/skai/.config/xyz.chatboxapp.app/config-backup-2025-09-13T22_11_15.583Z.json
[2025-09-14 03:11:15.584] [info]  [store-node] auto backup: /home/skai/.config/xyz.chatboxapp.app/config-backup-2025-09-13T22_11_15.583Z.json
[2025-09-14 03:28:59.675] [info]  tray: destroyed
[2025-09-15 00:20:14.603] [info]  [store-node] init store, config path: /home/skai/.config/xyz.chatboxapp.app/config.json
[2025-09-15 00:20:15.111] [info]  [knowledge-base:index] [KB] Initializing knowledge base system...
[2025-09-15 00:20:15.146] [info]  [knowledge-base:db] [DB] Database initialized (total_chunks column already exists)
[2025-09-15 00:20:15.147] [info]  [knowledge-base:db] [DB] Database initialized
[2025-09-15 00:20:15.147] [debug] [knowledge-base:db] [DB] Cleaning up processing files from previous session...
[2025-09-15 00:20:15.147] [debug] [knowledge-base:index] [KB] Database initialized
[2025-09-15 00:20:15.147] [debug] [knowledge-base:index] [KB] IPC handlers registered
[2025-09-15 00:20:15.147] [info]  [knowledge-base:file-loaders] [FILE] Starting worker loop
[2025-09-15 00:20:15.148] [debug] [knowledge-base:index] [KB] Worker loop started
[2025-09-15 00:20:15.148] [info]  [knowledge-base:index] [KB] Knowledge base system initialized successfully in 37ms
[2025-09-15 00:20:15.601] [info]  tray: created
[2025-09-15 00:20:15.611] [info]  [app-updater] Checking for update
[2025-09-15 00:20:15.612] [info]  [app-updater] Update timer started, checking every hour
[2025-09-15 00:20:15.657] [info]  [store-node] backup config to: /home/skai/.config/xyz.chatboxapp.app/config-backup-2025-09-14T19_20_14.609Z.json
[2025-09-15 00:20:15.657] [info]  [store-node] auto backup: /home/skai/.config/xyz.chatboxapp.app/config-backup-2025-09-14T19_20_14.609Z.json
[2025-09-15 00:20:15.658] [info]  [store-node] Clearing 3 old backup(s)...
[2025-09-15 00:20:15.671] [info]  [store-node] Finished clearing old backups.
[2025-09-15 00:20:17.400] [info]  [app-updater] Update for version 1.15.4 is not available (latest version: 1.15.4, downgrade is disallowed).
[2025-09-15 00:20:18.152] [debug] [knowledge-base:ipc-handlers] ipcMain: kb:list
[2025-09-15 00:20:18.503] [debug] [knowledge-base:ipc-handlers] ipcMain: kb:list
[2025-09-15 00:20:20.740] [debug] [knowledge-base:ipc-handlers] ipcMain: kb:list
[2025-09-15 00:21:36.901] [debug] [knowledge-base:ipc-handlers] ipcMain: kb:list
[2025-09-15 00:30:14.622] [info]  [store-node] backup config to: /home/skai/.config/xyz.chatboxapp.app/config-backup-2025-09-14T19_30_14.619Z.json
[2025-09-15 00:30:14.622] [info]  [store-node] auto backup: /home/skai/.config/xyz.chatboxapp.app/config-backup-2025-09-14T19_30_14.619Z.json
[2025-09-15 00:30:14.622] [info]  [store-node] Clearing 1 old backup(s)...
[2025-09-15 00:30:14.624] [info]  [store-node] Finished clearing old backups.
[2025-09-15 00:50:14.625] [info]  [store-node] backup config to: /home/skai/.config/xyz.chatboxapp.app/config-backup-2025-09-14T19_50_14.623Z.json
[2025-09-15 00:50:14.625] [info]  [store-node] auto backup: /home/skai/.config/xyz.chatboxapp.app/config-backup-2025-09-14T19_50_14.623Z.json
[2025-09-15 00:50:14.626] [info]  [store-node] Clearing 1 old backup(s)...
[2025-09-15 00:50:14.626] [info]  [store-node] Finished clearing old backups.
[2025-09-15 01:10:14.630] [info]  [store-node] backup config to: /home/skai/.config/xyz.chatboxapp.app/config-backup-2025-09-14T20_10_14.628Z.json
[2025-09-15 01:10:14.630] [info]  [store-node] auto backup: /home/skai/.config/xyz.chatboxapp.app/config-backup-2025-09-14T20_10_14.628Z.json
[2025-09-15 01:20:15.618] [info]  [app-updater] Checking for update
[2025-09-15 01:20:17.146] [info]  [app-updater] Update for version 1.15.4 is not available (latest version: 1.15.4, downgrade is disallowed).
[2025-09-15 01:30:14.633] [info]  [store-node] backup config to: /home/skai/.config/xyz.chatboxapp.app/config-backup-2025-09-14T20_30_14.632Z.json
[2025-09-15 01:30:14.633] [info]  [store-node] auto backup: /home/skai/.config/xyz.chatboxapp.app/config-backup-2025-09-14T20_30_14.632Z.json
[2025-09-15 01:30:14.634] [info]  [store-node] Clearing 1 old backup(s)...
[2025-09-15 01:30:14.634] [info]  [store-node] Finished clearing old backups.
[2025-09-15 01:50:14.641] [info]  [store-node] backup config to: /home/skai/.config/xyz.chatboxapp.app/config-backup-2025-09-14T20_50_14.639Z.json
[2025-09-15 01:50:14.641] [info]  [store-node] auto backup: /home/skai/.config/xyz.chatboxapp.app/config-backup-2025-09-14T20_50_14.639Z.json
[2025-09-15 01:50:14.641] [info]  [store-node] Clearing 1 old backup(s)...
[2025-09-15 01:50:14.642] [info]  [store-node] Finished clearing old backups.
[2025-09-15 02:10:14.642] [info]  [store-node] backup config to: /home/skai/.config/xyz.chatboxapp.app/config-backup-2025-09-14T21_10_14.640Z.json
[2025-09-15 02:10:14.642] [info]  [store-node] auto backup: /home/skai/.config/xyz.chatboxapp.app/config-backup-2025-09-14T21_10_14.640Z.json
[2025-09-15 02:20:15.618] [info]  [app-updater] Checking for update
[2025-09-15 02:20:17.284] [info]  [app-updater] Update for version 1.15.4 is not available (latest version: 1.15.4, downgrade is disallowed).
[2025-09-15 02:30:14.647] [info]  [store-node] backup config to: /home/skai/.config/xyz.chatboxapp.app/config-backup-2025-09-14T21_30_14.646Z.json
[2025-09-15 02:30:14.648] [info]  [store-node] auto backup: /home/skai/.config/xyz.chatboxapp.app/config-backup-2025-09-14T21_30_14.646Z.json
[2025-09-15 02:30:14.648] [info]  [store-node] Clearing 1 old backup(s)...
[2025-09-15 02:30:14.649] [info]  [store-node] Finished clearing old backups.
[2025-09-15 02:50:14.647] [info]  [store-node] backup config to: /home/skai/.config/xyz.chatboxapp.app/config-backup-2025-09-14T21_50_14.647Z.json
[2025-09-15 02:50:14.648] [info]  [store-node] auto backup: /home/skai/.config/xyz.chatboxapp.app/config-backup-2025-09-14T21_50_14.647Z.json
[2025-09-15 02:50:14.648] [info]  [store-node] Clearing 1 old backup(s)...
[2025-09-15 02:50:14.649] [info]  [store-node] Finished clearing old backups.
[2025-09-15 02:50:21.730] [info]  tray: destroyed
[2025-09-15 23:54:22.949] [info]  [store-node] init store, config path: /home/skai/.config/xyz.chatboxapp.app/config.json
[2025-09-15 23:54:23.460] [info]  [knowledge-base:index] [KB] Initializing knowledge base system...
[2025-09-15 23:54:23.496] [info]  [knowledge-base:db] [DB] Database initialized (total_chunks column already exists)
[2025-09-15 23:54:23.496] [info]  [knowledge-base:db] [DB] Database initialized
[2025-09-15 23:54:23.496] [debug] [knowledge-base:db] [DB] Cleaning up processing files from previous session...
[2025-09-15 23:54:23.497] [debug] [knowledge-base:index] [KB] Database initialized
[2025-09-15 23:54:23.497] [debug] [knowledge-base:index] [KB] IPC handlers registered
[2025-09-15 23:54:23.497] [info]  [knowledge-base:file-loaders] [FILE] Starting worker loop
[2025-09-15 23:54:23.497] [debug] [knowledge-base:index] [KB] Worker loop started
[2025-09-15 23:54:23.498] [info]  [knowledge-base:index] [KB] Knowledge base system initialized successfully in 38ms
[2025-09-15 23:54:24.043] [info]  tray: created
[2025-09-15 23:54:24.050] [info]  [app-updater] Checking for update
[2025-09-15 23:54:24.050] [info]  [app-updater] Update timer started, checking every hour
[2025-09-15 23:54:24.098] [info]  [store-node] backup config to: /home/skai/.config/xyz.chatboxapp.app/config-backup-2025-09-15T18_54_22.955Z.json
[2025-09-15 23:54:24.098] [info]  [store-node] auto backup: /home/skai/.config/xyz.chatboxapp.app/config-backup-2025-09-15T18_54_22.955Z.json
[2025-09-15 23:54:25.875] [info]  [app-updater] Update for version 1.15.4 is not available (latest version: 1.15.4, downgrade is disallowed).
[2025-09-15 23:54:26.857] [debug] [knowledge-base:ipc-handlers] ipcMain: kb:list
[2025-09-15 23:54:27.253] [debug] [knowledge-base:ipc-handlers] ipcMain: kb:list
[2025-09-15 23:54:29.975] [debug] [knowledge-base:ipc-handlers] ipcMain: kb:list
[2025-09-15 23:55:52.791] [debug] [knowledge-base:ipc-handlers] ipcMain: kb:list
[2025-09-16 00:04:23.054] [info]  [store-node] backup config to: /home/skai/.config/xyz.chatboxapp.app/config-backup-2025-09-15T19_04_23.035Z.json
[2025-09-16 00:04:23.057] [info]  [store-node] auto backup: /home/skai/.config/xyz.chatboxapp.app/config-backup-2025-09-15T19_04_23.035Z.json
[2025-09-16 00:04:23.059] [info]  [store-node] Clearing 4 old backup(s)...
[2025-09-16 00:04:23.068] [info]  [store-node] Finished clearing old backups.
[2025-09-16 00:24:22.997] [info]  [store-node] backup config to: /home/skai/.config/xyz.chatboxapp.app/config-backup-2025-09-15T19_24_22.993Z.json
[2025-09-16 00:24:23.001] [info]  [store-node] auto backup: /home/skai/.config/xyz.chatboxapp.app/config-backup-2025-09-15T19_24_22.993Z.json
[2025-09-16 00:24:23.002] [info]  [store-node] Clearing 1 old backup(s)...
[2025-09-16 00:24:23.003] [info]  [store-node] Finished clearing old backups.
[2025-09-16 00:44:22.977] [info]  [store-node] backup config to: /home/skai/.config/xyz.chatboxapp.app/config-backup-2025-09-15T19_44_22.975Z.json
[2025-09-16 00:44:22.978] [info]  [store-node] auto backup: /home/skai/.config/xyz.chatboxapp.app/config-backup-2025-09-15T19_44_22.975Z.json
[2025-09-16 00:44:22.978] [info]  [store-node] Clearing 1 old backup(s)...
[2025-09-16 00:44:22.979] [info]  [store-node] Finished clearing old backups.
[2025-09-16 00:54:24.059] [info]  [app-updater] Checking for update
[2025-09-16 00:54:25.670] [info]  [app-updater] Update for version 1.15.4 is not available (latest version: 1.15.4, downgrade is disallowed).
[2025-09-16 01:04:22.981] [info]  [store-node] backup config to: /home/skai/.config/xyz.chatboxapp.app/config-backup-2025-09-15T20_04_22.979Z.json
[2025-09-16 01:04:22.981] [info]  [store-node] auto backup: /home/skai/.config/xyz.chatboxapp.app/config-backup-2025-09-15T20_04_22.979Z.json
[2025-09-16 01:24:22.985] [info]  [store-node] backup config to: /home/skai/.config/xyz.chatboxapp.app/config-backup-2025-09-15T20_24_22.984Z.json
[2025-09-16 01:24:22.985] [info]  [store-node] auto backup: /home/skai/.config/xyz.chatboxapp.app/config-backup-2025-09-15T20_24_22.984Z.json
[2025-09-16 01:24:22.988] [info]  [store-node] Clearing 1 old backup(s)...
[2025-09-16 01:24:22.989] [info]  [store-node] Finished clearing old backups.
[2025-09-16 23:22:05.114] [info]  [store-node] init store, config path: /home/skai/.config/xyz.chatboxapp.app/config.json
[2025-09-16 23:22:05.614] [info]  [knowledge-base:index] [KB] Initializing knowledge base system...
[2025-09-16 23:22:05.650] [info]  [knowledge-base:db] [DB] Database initialized (total_chunks column already exists)
[2025-09-16 23:22:05.650] [info]  [knowledge-base:db] [DB] Database initialized
[2025-09-16 23:22:05.650] [debug] [knowledge-base:db] [DB] Cleaning up processing files from previous session...
[2025-09-16 23:22:05.650] [debug] [knowledge-base:index] [KB] Database initialized
[2025-09-16 23:22:05.651] [debug] [knowledge-base:index] [KB] IPC handlers registered
[2025-09-16 23:22:05.651] [info]  [knowledge-base:file-loaders] [FILE] Starting worker loop
[2025-09-16 23:22:05.651] [debug] [knowledge-base:index] [KB] Worker loop started
[2025-09-16 23:22:05.652] [info]  [knowledge-base:index] [KB] Knowledge base system initialized successfully in 38ms
[2025-09-16 23:22:06.100] [info]  tray: created
[2025-09-16 23:22:06.108] [info]  [app-updater] Checking for update
[2025-09-16 23:22:06.109] [info]  [app-updater] Update timer started, checking every hour
[2025-09-16 23:22:06.149] [info]  [store-node] backup config to: /home/skai/.config/xyz.chatboxapp.app/config-backup-2025-09-16T18_22_05.120Z.json
[2025-09-16 23:22:06.149] [info]  [store-node] auto backup: /home/skai/.config/xyz.chatboxapp.app/config-backup-2025-09-16T18_22_05.120Z.json
[2025-09-16 23:22:08.246] [info]  [app-updater] Update for version 1.15.4 is not available (latest version: 1.15.4, downgrade is disallowed).
[2025-09-16 23:22:08.908] [debug] [knowledge-base:ipc-handlers] ipcMain: kb:list
[2025-09-16 23:22:09.255] [debug] [knowledge-base:ipc-handlers] ipcMain: kb:list
[2025-09-16 23:22:11.886] [debug] [knowledge-base:ipc-handlers] ipcMain: kb:list
[2025-09-16 23:24:49.471] [debug] [knowledge-base:ipc-handlers] ipcMain: kb:list
[2025-09-16 23:32:05.133] [info]  [store-node] backup config to: /home/skai/.config/xyz.chatboxapp.app/config-backup-2025-09-16T18_32_05.131Z.json
[2025-09-16 23:32:05.133] [info]  [store-node] auto backup: /home/skai/.config/xyz.chatboxapp.app/config-backup-2025-09-16T18_32_05.131Z.json
[2025-09-16 23:32:05.134] [info]  [store-node] Clearing 1 old backup(s)...
[2025-09-16 23:32:05.135] [info]  [store-node] Finished clearing old backups.
[2025-09-16 23:52:05.133] [info]  [store-node] backup config to: /home/skai/.config/xyz.chatboxapp.app/config-backup-2025-09-16T18_52_05.132Z.json
[2025-09-16 23:52:05.133] [info]  [store-node] auto backup: /home/skai/.config/xyz.chatboxapp.app/config-backup-2025-09-16T18_52_05.132Z.json
[2025-09-16 23:52:05.134] [info]  [store-node] Clearing 1 old backup(s)...
[2025-09-16 23:52:05.134] [info]  [store-node] Finished clearing old backups.
[2025-09-17 00:02:05.131] [info]  [store-node] Clearing 2 old backup(s)...
[2025-09-17 00:02:05.139] [info]  [store-node] Finished clearing old backups.
[2025-09-17 00:12:05.142] [info]  [store-node] backup config to: /home/skai/.config/xyz.chatboxapp.app/config-backup-2025-09-16T19_12_05.141Z.json
[2025-09-17 00:12:05.143] [info]  [store-node] auto backup: /home/skai/.config/xyz.chatboxapp.app/config-backup-2025-09-16T19_12_05.141Z.json
[2025-09-17 00:22:06.114] [info]  [app-updater] Checking for update
[2025-09-17 00:22:07.847] [info]  [app-updater] Update for version 1.15.4 is not available (latest version: 1.15.4, downgrade is disallowed).
[2025-09-17 00:32:05.142] [info]  [store-node] backup config to: /home/skai/.config/xyz.chatboxapp.app/config-backup-2025-09-16T19_32_05.141Z.json
[2025-09-17 00:32:05.143] [info]  [store-node] auto backup: /home/skai/.config/xyz.chatboxapp.app/config-backup-2025-09-16T19_32_05.141Z.json
[2025-09-17 00:32:05.143] [info]  [store-node] Clearing 1 old backup(s)...
[2025-09-17 00:32:05.144] [info]  [store-node] Finished clearing old backups.
[2025-09-17 00:52:05.142] [info]  [store-node] backup config to: /home/skai/.config/xyz.chatboxapp.app/config-backup-2025-09-16T19_52_05.141Z.json
[2025-09-17 00:52:05.142] [info]  [store-node] auto backup: /home/skai/.config/xyz.chatboxapp.app/config-backup-2025-09-16T19_52_05.141Z.json
[2025-09-17 00:52:05.142] [info]  [store-node] Clearing 1 old backup(s)...
[2025-09-17 00:52:05.143] [info]  [store-node] Finished clearing old backups.
[2025-09-17 01:12:05.145] [info]  [store-node] backup config to: /home/skai/.config/xyz.chatboxapp.app/config-backup-2025-09-16T20_12_05.144Z.json
[2025-09-17 01:12:05.145] [info]  [store-node] auto backup: /home/skai/.config/xyz.chatboxapp.app/config-backup-2025-09-16T20_12_05.144Z.json
[2025-09-17 01:22:06.114] [info]  [app-updater] Checking for update
[2025-09-17 01:22:07.995] [info]  [app-updater] Update for version 1.15.4 is not available (latest version: 1.15.4, downgrade is disallowed).
[2025-09-17 01:32:05.149] [info]  [store-node] backup config to: /home/skai/.config/xyz.chatboxapp.app/config-backup-2025-09-16T20_32_05.148Z.json
[2025-09-17 01:32:05.150] [info]  [store-node] auto backup: /home/skai/.config/xyz.chatboxapp.app/config-backup-2025-09-16T20_32_05.148Z.json
[2025-09-17 01:32:05.150] [info]  [store-node] Clearing 1 old backup(s)...
[2025-09-17 01:32:05.151] [info]  [store-node] Finished clearing old backups.
[2025-09-17 01:52:05.154] [info]  [store-node] backup config to: /home/skai/.config/xyz.chatboxapp.app/config-backup-2025-09-16T20_52_05.152Z.json
[2025-09-17 01:52:05.155] [info]  [store-node] auto backup: /home/skai/.config/xyz.chatboxapp.app/config-backup-2025-09-16T20_52_05.152Z.json
[2025-09-17 01:52:05.155] [info]  [store-node] Clearing 1 old backup(s)...
[2025-09-17 01:52:05.156] [info]  [store-node] Finished clearing old backups.
[2025-09-17 02:09:50.169] [debug] [knowledge-base:ipc-handlers] ipcMain: kb:list
[2025-09-17 02:11:01.907] [debug] [knowledge-base:ipc-handlers] ipcMain: kb:list
[2025-09-17 02:11:48.552] [debug] [knowledge-base:ipc-handlers] ipcMain: kb:list
[2025-09-17 02:12:05.158] [info]  [store-node] backup config to: /home/skai/.config/xyz.chatboxapp.app/config-backup-2025-09-16T21_12_05.157Z.json
[2025-09-17 02:12:05.158] [info]  [store-node] auto backup: /home/skai/.config/xyz.chatboxapp.app/config-backup-2025-09-16T21_12_05.157Z.json
[2025-09-17 02:12:16.619] [debug] [knowledge-base:ipc-handlers] ipcMain: kb:list
[2025-09-17 02:12:27.767] [debug] [knowledge-base:ipc-handlers] ipcMain: kb:list
[2025-09-17 02:12:42.558] [debug] [knowledge-base:ipc-handlers] ipcMain: kb:list
[2025-09-17 02:22:06.115] [info]  [app-updater] Checking for update
[2025-09-17 02:22:08.052] [info]  [app-updater] Update for version 1.15.4 is not available (latest version: 1.15.4, downgrade is disallowed).
[2025-09-17 02:28:32.001] [info]  tray: destroyed
